<?xml version="1.0" encoding="UTF-8"?>
<testsuite xmlns:xsi="http://www.w3.org/2001/XMLSchema-instance" xsi:noNamespaceSchemaLocation="https://maven.apache.org/surefire/maven-surefire-plugin/xsd/surefire-test-report-3.0.xsd" version="3.0" name="com.example.asm2.Asm2ApplicationTests" time="11.074" tests="1" errors="0" skipped="0" failures="0">
  <properties>
[...]
</properties>
  <testcase name="contextLoads" classname="com.example.asm2.Asm2ApplicationTests" time="0.933">
    <system-out><![CDATA[21:30:38.092 [main] INFO org.springframework.test.context.support.AnnotationConfigContextLoaderUtils -- Could not detect default configuration classes for test class [com.example.asm2.Asm2ApplicationTests]: Asm2ApplicationTests does not declare any static, non-private, non-final, nested classes annotated with @Configuration.
21:30:38.256 [main] INFO org.springframework.boot.test.context.SpringBootTestContextBootstrapper -- Found @SpringBootConfiguration com.example.asm2.Asm2Application for test class com.example.asm2.Asm2ApplicationTests
21:30:38.536 [main] INFO org.springframework.boot.devtools.restart.RestartApplicationListener -- Restart disabled due to context in which it is running

  .   ____          _            __ _ _
 /\\ / ___'_ __ _ _(_)_ __  __ _ \ \ \ \
( ( )\___ | '_ | '_| | '_ \/ _` | \ \ \ \
 \\/  ___)| |_)| | | | | || (_| |  ) ) ) )
  '  |____| .__|_| |_|_| |_\__, | / / / /
 =========|_|==============|___/=/_/_/_/
 :: Spring Boot ::                (v3.1.6)

2023-12-25T21:30:39.049+07:00  INFO 2500 --- [           main] com.example.asm2.Asm2ApplicationTests    : Starting Asm2ApplicationTests using Java 17.0.9 with PID 2500 (started by Halo in D:\Couser_Funix\FUNiX - PRJ321x.3.0.VN\Project\asm2)
2023-12-25T21:30:39.052+07:00  INFO 2500 --- [           main] com.example.asm2.Asm2ApplicationTests    : No active profile set, falling back to 1 default profile: "default"
2023-12-25T21:30:40.977+07:00  INFO 2500 --- [           main] .s.d.r.c.RepositoryConfigurationDelegate : Bootstrapping Spring Data JPA repositories in DEFAULT mode.
2023-12-25T21:30:41.130+07:00  INFO 2500 --- [           main] .s.d.r.c.RepositoryConfigurationDelegate : Finished Spring Data repository scanning in 132 ms. Found 2 JPA repository interfaces.
2023-12-25T21:30:42.648+07:00  INFO 2500 --- [           main] o.hibernate.jpa.internal.util.LogHelper  : HHH000204: Processing PersistenceUnitInfo [name: default]
2023-12-25T21:30:42.787+07:00  INFO 2500 --- [           main] org.hibernate.Version                    : HHH000412: Hibernate ORM core version 6.2.13.Final
2023-12-25T21:30:42.791+07:00  INFO 2500 --- [           main] org.hibernate.cfg.Environment            : HHH000406: Using bytecode reflection optimizer
2023-12-25T21:30:43.426+07:00  INFO 2500 --- [           main] o.s.o.j.p.SpringPersistenceUnitInfo      : No LoadTimeWeaver setup: ignoring JPA class transformer
2023-12-25T21:30:43.492+07:00  INFO 2500 --- [           main] com.zaxxer.hikari.HikariDataSource       : HikariPool-1 - Starting...
2023-12-25T21:30:44.203+07:00  INFO 2500 --- [           main] com.zaxxer.hikari.pool.HikariPool        : HikariPool-1 - Added connection com.mysql.cj.jdbc.ConnectionImpl@377dbc50
2023-12-25T21:30:44.207+07:00  INFO 2500 --- [           main] com.zaxxer.hikari.HikariDataSource       : HikariPool-1 - Start completed.
2023-12-25T21:30:45.784+07:00  INFO 2500 --- [           main] o.h.m.i.EntityInstantiatorPojoStandard   : HHH000182: No default (no-argument) constructor for class: com.example.asm2.entity.Role (class must be instantiated by Interceptor)
2023-12-25T21:30:45.858+07:00  INFO 2500 --- [           main] o.h.m.i.EntityInstantiatorPojoStandard   : HHH000182: No default (no-argument) constructor for class: com.example.asm2.entity.User (class must be instantiated by Interceptor)
2023-12-25T21:30:46.159+07:00  INFO 2500 --- [           main] o.h.e.t.j.p.i.JtaPlatformInitiator       : HHH000489: No JTA platform available (set 'hibernate.transaction.jta.platform' to enable JTA platform integration)
2023-12-25T21:30:46.281+07:00  INFO 2500 --- [           main] j.LocalContainerEntityManagerFactoryBean : Initialized JPA EntityManagerFactory for persistence unit 'default'
2023-12-25T21:30:46.558+07:00  WARN 2500 --- [           main] JpaBaseConfiguration$JpaWebConfiguration : spring.jpa.open-in-view is enabled by default. Therefore, database queries may be performed during view rendering. Explicitly configure spring.jpa.open-in-view to disable this warning
2023-12-25T21:30:47.898+07:00  INFO 2500 --- [           main] com.example.asm2.Asm2ApplicationTests    : Started Asm2ApplicationTests in 9.386 seconds (process running for 11.264)
]]></system-out>
  </testcase>
</testsuite>